2012/6/20 16:23:01
System.IO.FileNotFoundException: 未能找到文件“C:\Users\HotDog\Saved Games\失われた未来を求めて\exporter_address.txt”。
文件名:“C:\Users\HotDog\Saved Games\失われた未来を求めて\exporter_address.txt”
   在 System.IO.__Error.WinIOError(Int32 errorCode, String maybeFullPath)
   在 System.IO.FileStream.Init(String path, FileMode mode, FileAccess access, Int32 rights, Boolean useRights, FileShare share, Int32 bufferSize, FileOptions options, SECURITY_ATTRIBUTES secAttrs, String msgPath, Boolean bFromProxy)
   在 System.IO.FileStream..ctor(String path, FileMode mode, FileAccess access, FileShare share, Int32 bufferSize, FileOptions options)
   在 System.IO.StreamReader..ctor(String path, Encoding encoding, Boolean detectEncodingFromByteOrderMarks, Int32 bufferSize)
   在 System.IO.StreamReader..ctor(String path)
   在 System.IO.File.OpenText(String path)
   在 Clowwindy.XP3Dumper.Utils.FileUtils.ReadTextFile(String filename)
   在 Clowwindy.XP3Dumper.Controller.Xp3Dumper.getExportAddr()
   在 Clowwindy.XP3Dumper.Controller.Xp3Dumper.Start()

2012/6/20 16:23:16
System.IO.FileNotFoundException: 未能找到文件“C:\Users\HotDog\Saved Games\失われた未来を求めて\exporter_address.txt”。
文件名:“C:\Users\HotDog\Saved Games\失われた未来を求めて\exporter_address.txt”
   在 System.IO.__Error.WinIOError(Int32 errorCode, String maybeFullPath)
   在 System.IO.FileStream.Init(String path, FileMode mode, FileAccess access, Int32 rights, Boolean useRights, FileShare share, Int32 bufferSize, FileOptions options, SECURITY_ATTRIBUTES secAttrs, String msgPath, Boolean bFromProxy)
   在 System.IO.FileStream..ctor(String path, FileMode mode, FileAccess access, FileShare share, Int32 bufferSize, FileOptions options)
   在 System.IO.StreamReader..ctor(String path, Encoding encoding, Boolean detectEncodingFromByteOrderMarks, Int32 bufferSize)
   在 System.IO.StreamReader..ctor(String path)
   在 System.IO.File.OpenText(String path)
   在 Clowwindy.XP3Dumper.Utils.FileUtils.ReadTextFile(String filename)
   在 Clowwindy.XP3Dumper.Controller.Xp3Dumper.getExportAddr()
   在 Clowwindy.XP3Dumper.Controller.Xp3Dumper.Start()

2012/6/20 16:24:08
System.IO.FileNotFoundException: 未能找到文件“C:\Users\HotDog\Saved Games\失われた未来を求めて\exporter_address.txt”。
文件名:“C:\Users\HotDog\Saved Games\失われた未来を求めて\exporter_address.txt”
   在 System.IO.__Error.WinIOError(Int32 errorCode, String maybeFullPath)
   在 System.IO.FileStream.Init(String path, FileMode mode, FileAccess access, Int32 rights, Boolean useRights, FileShare share, Int32 bufferSize, FileOptions options, SECURITY_ATTRIBUTES secAttrs, String msgPath, Boolean bFromProxy)
   在 System.IO.FileStream..ctor(String path, FileMode mode, FileAccess access, FileShare share, Int32 bufferSize, FileOptions options)
   在 System.IO.StreamReader..ctor(String path, Encoding encoding, Boolean detectEncodingFromByteOrderMarks, Int32 bufferSize)
   在 System.IO.StreamReader..ctor(String path)
   在 System.IO.File.OpenText(String path)
   在 Clowwindy.XP3Dumper.Utils.FileUtils.ReadTextFile(String filename)
   在 Clowwindy.XP3Dumper.Controller.Xp3Dumper.getExportAddr()
   在 Clowwindy.XP3Dumper.Controller.Xp3Dumper.Start()

2012/6/20 18:36:26
System.IO.DirectoryNotFoundException: 未能找到路径“xp3dumper\helpers\!exporteraddr.tpm”的一部分。
   在 System.IO.__Error.WinIOError(Int32 errorCode, String maybeFullPath)
   在 System.IO.File.InternalCopy(String sourceFileName, String destFileName, Boolean overwrite)
   在 Clowwindy.XP3Dumper.Controller.Xp3Dumper.copyExportPlugin()
   在 Clowwindy.XP3Dumper.Controller.Xp3Dumper.Start()

2024/10/6 14:09:09
System.UnauthorizedAccessException: 对路径“D:\GALGAME\linshi\響野さん家はエロゲ屋さん\響野さん家はエロゲ屋さん\!exporteraddr.tpm”的访问被拒绝。
   在 System.IO.__Error.WinIOError(Int32 errorCode, String maybeFullPath)
   在 System.IO.File.Delete(String path)
   在 Clowwindy.XP3Dumper.Utils.FileUtils.Delete(String filename)
   在 Clowwindy.XP3Dumper.Controller.Xp3Dumper.Start()

2024/10/6 14:09:28
System.UnauthorizedAccessException: 对路径“D:\GALGAME\linshi\響野さん家はエロゲ屋さん\響野さん家はエロゲ屋さん\!exporteraddr.tpm”的访问被拒绝。
   在 System.IO.__Error.WinIOError(Int32 errorCode, String maybeFullPath)
   在 System.IO.File.Delete(String path)
   在 Clowwindy.XP3Dumper.Utils.FileUtils.Delete(String filename)
   在 Clowwindy.XP3Dumper.Controller.Xp3Dumper.Cancel()

